  cheat.cpp
D:\Downloads\code\menu\UE4-Cheat-Source-Code\Source\ImGui DirectX 11 Kiero Hook\cheat\UnrealEngine\Classes.hpp(231,18): warning C4244: “初始化”: 从“double”转换到“float”，可能丢失数据
  (编译源文件“cheat/cheat.cpp”)
  
D:\Downloads\code\menu\UE4-Cheat-Source-Code\Source\ImGui DirectX 11 Kiero Hook\cheat\UnrealEngine\Classes.hpp(232,16): warning C4244: “初始化”: 从“double”转换到“float”，可能丢失数据
  (编译源文件“cheat/cheat.cpp”)
  
D:\Downloads\code\menu\UE4-Cheat-Source-Code\Source\ImGui DirectX 11 Kiero Hook\cheat\UnrealEngine\Classes.hpp(233,17): warning C4244: “初始化”: 从“double”转换到“float”，可能丢失数据
  (编译源文件“cheat/cheat.cpp”)
  
D:\Downloads\code\menu\UE4-Cheat-Source-Code\Source\ImGui DirectX 11 Kiero Hook\cheat\UnrealEngine\UnrealClasses.h(394,85): warning C4244: “参数”: 从“double”转换到“float”，可能丢失数据
  (编译源文件“cheat/cheat.cpp”)
  
D:\Downloads\code\menu\UE4-Cheat-Source-Code\Source\ImGui DirectX 11 Kiero Hook\cheat\UnrealEngine\UnrealClasses.h(395,85): warning C4244: “参数”: 从“double”转换到“float”，可能丢失数据
  (编译源文件“cheat/cheat.cpp”)
  
D:\Downloads\code\menu\UE4-Cheat-Source-Code\Source\ImGui DirectX 11 Kiero Hook\cheat\cheat.cpp(93,16): warning C4244: “参数”: 从“int”转换到“float”，可能丢失数据
D:\Downloads\code\menu\UE4-Cheat-Source-Code\Source\ImGui DirectX 11 Kiero Hook\cheat\cheat.cpp(230,32): warning C4244: “参数”: 从“double”转换到“float”，可能丢失数据
D:\Downloads\code\menu\UE4-Cheat-Source-Code\Source\ImGui DirectX 11 Kiero Hook\cheat\cheat.cpp(231,32): warning C4244: “参数”: 从“double”转换到“float”，可能丢失数据
D:\Downloads\code\menu\UE4-Cheat-Source-Code\Source\ImGui DirectX 11 Kiero Hook\cheat\cheat.cpp(233,32): warning C4244: “参数”: 从“double”转换到“float”，可能丢失数据
D:\Downloads\code\menu\UE4-Cheat-Source-Code\Source\ImGui DirectX 11 Kiero Hook\cheat\cheat.cpp(234,32): warning C4244: “参数”: 从“double”转换到“float”，可能丢失数据
D:\Downloads\code\menu\UE4-Cheat-Source-Code\Source\ImGui DirectX 11 Kiero Hook\cheat\cheat.cpp(236,32): warning C4244: “参数”: 从“double”转换到“float”，可能丢失数据
D:\Downloads\code\menu\UE4-Cheat-Source-Code\Source\ImGui DirectX 11 Kiero Hook\cheat\cheat.cpp(237,32): warning C4244: “参数”: 从“double”转换到“float”，可能丢失数据
D:\Downloads\code\menu\UE4-Cheat-Source-Code\Source\ImGui DirectX 11 Kiero Hook\cheat\cheat.cpp(239,32): warning C4244: “参数”: 从“double”转换到“float”，可能丢失数据
D:\Downloads\code\menu\UE4-Cheat-Source-Code\Source\ImGui DirectX 11 Kiero Hook\cheat\cheat.cpp(240,32): warning C4244: “参数”: 从“double”转换到“float”，可能丢失数据
D:\Downloads\code\menu\UE4-Cheat-Source-Code\Source\ImGui DirectX 11 Kiero Hook\cheat\cheat.cpp(435,19): warning C4244: “参数”: 从“time_t”转换到“unsigned int”，可能丢失数据
D:\VS\VC\Tools\MSVC\14.43.34808\include\xutility(4829,18): warning C4244: “=”: 从“wchar_t”转换到“char”，可能丢失数据
  (编译源文件“cheat/cheat.cpp”)
      D:\VS\VC\Tools\MSVC\14.43.34808\include\xutility(4829,18):
      模板实例化上下文(最早的实例化上下文)为
          D:\Downloads\code\menu\UE4-Cheat-Source-Code\Source\ImGui DirectX 11 Kiero Hook\cheat\UnrealEngine\UnrealClasses.h(64,28):
          查看对正在编译的函数 模板 实例化“std::basic_string<char,std::char_traits<char>,std::allocator<char>>::basic_string<std::_String_iterator<std::_String_val<std::_Simple_types<_Elem>>>,0>(_Iter,_Iter,const _Alloc &)”的引用
          with
          [
              _Elem=wchar_t,
              _Iter=std::_String_iterator<std::_String_val<std::_Simple_types<wchar_t>>>,
              _Alloc=std::allocator<char>
          ]
              D:\Downloads\code\menu\UE4-Cheat-Source-Code\Source\ImGui DirectX 11 Kiero Hook\cheat\UnrealEngine\UnrealClasses.h(64,11):
              请参阅 "FString::GetString" 中对 "std::basic_string<char,std::char_traits<char>,std::allocator<char>>::basic_string" 的第一个引用
          D:\VS\VC\Tools\MSVC\14.43.34808\include\xstring(788,17):
          查看对正在编译的函数 模板 实例化“void std::basic_string<char,std::char_traits<char>,std::allocator<char>>::_Construct_from_iter<wchar_t*,wchar_t*,_Size_type>(_Iter,const _Sent,_Size)”的引用
          with
          [
              _Size_type=unsigned __int64,
              _Iter=wchar_t *,
              _Sent=wchar_t *,
              _Size=unsigned __int64
          ]
          D:\VS\VC\Tools\MSVC\14.43.34808\include\xstring(944,18):
          查看对正在编译的函数 模板 实例化“_OutIt *std::_Copy_n_unchecked4<wchar_t*,_Size,char*>(_InIt,_SizeTy,_OutIt)”的引用
          with
          [
              _OutIt=char *,
              _Size=unsigned __int64,
              _InIt=wchar_t *,
              _SizeTy=unsigned __int64
          ]
  
  UnrealEngine.cpp
D:\Downloads\code\menu\UE4-Cheat-Source-Code\Source\ImGui DirectX 11 Kiero Hook\cheat\UnrealEngine\Classes.hpp(231,18): warning C4244: “初始化”: 从“double”转换到“float”，可能丢失数据
  (编译源文件“cheat/UnrealEngine/UnrealEngine.cpp”)
  
D:\Downloads\code\menu\UE4-Cheat-Source-Code\Source\ImGui DirectX 11 Kiero Hook\cheat\UnrealEngine\Classes.hpp(232,16): warning C4244: “初始化”: 从“double”转换到“float”，可能丢失数据
  (编译源文件“cheat/UnrealEngine/UnrealEngine.cpp”)
  
D:\Downloads\code\menu\UE4-Cheat-Source-Code\Source\ImGui DirectX 11 Kiero Hook\cheat\UnrealEngine\Classes.hpp(233,17): warning C4244: “初始化”: 从“double”转换到“float”，可能丢失数据
  (编译源文件“cheat/UnrealEngine/UnrealEngine.cpp”)
  
D:\Downloads\code\menu\UE4-Cheat-Source-Code\Source\ImGui DirectX 11 Kiero Hook\cheat\UnrealEngine\UnrealClasses.h(394,85): warning C4244: “参数”: 从“double”转换到“float”，可能丢失数据
  (编译源文件“cheat/UnrealEngine/UnrealEngine.cpp”)
  
D:\Downloads\code\menu\UE4-Cheat-Source-Code\Source\ImGui DirectX 11 Kiero Hook\cheat\UnrealEngine\UnrealClasses.h(395,85): warning C4244: “参数”: 从“double”转换到“float”，可能丢失数据
  (编译源文件“cheat/UnrealEngine/UnrealEngine.cpp”)
  
D:\VS\VC\Tools\MSVC\14.43.34808\include\xutility(4829,18): warning C4244: “=”: 从“wchar_t”转换到“char”，可能丢失数据
  (编译源文件“cheat/UnrealEngine/UnrealEngine.cpp”)
      D:\VS\VC\Tools\MSVC\14.43.34808\include\xutility(4829,18):
      模板实例化上下文(最早的实例化上下文)为
          D:\Downloads\code\menu\UE4-Cheat-Source-Code\Source\ImGui DirectX 11 Kiero Hook\cheat\UnrealEngine\UnrealClasses.h(64,28):
          查看对正在编译的函数 模板 实例化“std::basic_string<char,std::char_traits<char>,std::allocator<char>>::basic_string<std::_String_iterator<std::_String_val<std::_Simple_types<_Elem>>>,0>(_Iter,_Iter,const _Alloc &)”的引用
          with
          [
              _Elem=wchar_t,
              _Iter=std::_String_iterator<std::_String_val<std::_Simple_types<wchar_t>>>,
              _Alloc=std::allocator<char>
          ]
              D:\Downloads\code\menu\UE4-Cheat-Source-Code\Source\ImGui DirectX 11 Kiero Hook\cheat\UnrealEngine\UnrealClasses.h(64,11):
              请参阅 "FString::GetString" 中对 "std::basic_string<char,std::char_traits<char>,std::allocator<char>>::basic_string" 的第一个引用
          D:\VS\VC\Tools\MSVC\14.43.34808\include\xstring(788,17):
          查看对正在编译的函数 模板 实例化“void std::basic_string<char,std::char_traits<char>,std::allocator<char>>::_Construct_from_iter<wchar_t*,wchar_t*,_Size_type>(_Iter,const _Sent,_Size)”的引用
          with
          [
              _Size_type=unsigned __int64,
              _Iter=wchar_t *,
              _Sent=wchar_t *,
              _Size=unsigned __int64
          ]
          D:\VS\VC\Tools\MSVC\14.43.34808\include\xstring(944,18):
          查看对正在编译的函数 模板 实例化“_OutIt *std::_Copy_n_unchecked4<wchar_t*,_Size,char*>(_InIt,_SizeTy,_OutIt)”的引用
          with
          [
              _OutIt=char *,
              _Size=unsigned __int64,
              _InIt=wchar_t *,
              _SizeTy=unsigned __int64
          ]
  
  utils.cpp
D:\Downloads\code\menu\UE4-Cheat-Source-Code\Source\ImGui DirectX 11 Kiero Hook\cheat\UnrealEngine\Classes.hpp(231,18): warning C4244: “初始化”: 从“double”转换到“float”，可能丢失数据
  (编译源文件“cheat/UnrealEngine/utils.cpp”)
  
D:\Downloads\code\menu\UE4-Cheat-Source-Code\Source\ImGui DirectX 11 Kiero Hook\cheat\UnrealEngine\Classes.hpp(232,16): warning C4244: “初始化”: 从“double”转换到“float”，可能丢失数据
  (编译源文件“cheat/UnrealEngine/utils.cpp”)
  
D:\Downloads\code\menu\UE4-Cheat-Source-Code\Source\ImGui DirectX 11 Kiero Hook\cheat\UnrealEngine\Classes.hpp(233,17): warning C4244: “初始化”: 从“double”转换到“float”，可能丢失数据
  (编译源文件“cheat/UnrealEngine/utils.cpp”)
  
D:\Downloads\code\menu\UE4-Cheat-Source-Code\Source\ImGui DirectX 11 Kiero Hook\cheat\UnrealEngine\UnrealClasses.h(394,85): warning C4244: “参数”: 从“double”转换到“float”，可能丢失数据
  (编译源文件“cheat/UnrealEngine/utils.cpp”)
  
D:\Downloads\code\menu\UE4-Cheat-Source-Code\Source\ImGui DirectX 11 Kiero Hook\cheat\UnrealEngine\UnrealClasses.h(395,85): warning C4244: “参数”: 从“double”转换到“float”，可能丢失数据
  (编译源文件“cheat/UnrealEngine/utils.cpp”)
  
D:\Downloads\code\menu\UE4-Cheat-Source-Code\Source\ImGui DirectX 11 Kiero Hook\cheat\UnrealEngine\utils.cpp(90,33): warning C4267: “=”: 从“size_t”转换到“USHORT”，可能丢失数据
D:\Downloads\code\menu\UE4-Cheat-Source-Code\Source\ImGui DirectX 11 Kiero Hook\cheat\UnrealEngine\utils.cpp(165,14): warning C4244: “初始化”: 从“uintptr_t”转换到“DWORD”，可能丢失数据
D:\Downloads\code\menu\UE4-Cheat-Source-Code\Source\ImGui DirectX 11 Kiero Hook\cheat\UnrealEngine\utils.cpp(196,14): warning C4244: “初始化”: 从“double”转换到“float”，可能丢失数据
D:\Downloads\code\menu\UE4-Cheat-Source-Code\Source\ImGui DirectX 11 Kiero Hook\cheat\UnrealEngine\utils.cpp(197,12): warning C4244: “初始化”: 从“double”转换到“float”，可能丢失数据
D:\Downloads\code\menu\UE4-Cheat-Source-Code\Source\ImGui DirectX 11 Kiero Hook\cheat\UnrealEngine\utils.cpp(212,19): warning C4244: “=”: 从“double”转换到“float”，可能丢失数据
D:\Downloads\code\menu\UE4-Cheat-Source-Code\Source\ImGui DirectX 11 Kiero Hook\cheat\UnrealEngine\utils.cpp(215,20): warning C4244: “=”: 从“double”转换到“float”，可能丢失数据
D:\VS\VC\Tools\MSVC\14.43.34808\include\xutility(4829,18): warning C4244: “=”: 从“wchar_t”转换到“char”，可能丢失数据
  (编译源文件“cheat/UnrealEngine/utils.cpp”)
      D:\VS\VC\Tools\MSVC\14.43.34808\include\xutility(4829,18):
      模板实例化上下文(最早的实例化上下文)为
          D:\Downloads\code\menu\UE4-Cheat-Source-Code\Source\ImGui DirectX 11 Kiero Hook\cheat\UnrealEngine\UnrealClasses.h(64,28):
          查看对正在编译的函数 模板 实例化“std::basic_string<char,std::char_traits<char>,std::allocator<char>>::basic_string<std::_String_iterator<std::_String_val<std::_Simple_types<_Elem>>>,0>(_Iter,_Iter,const _Alloc &)”的引用
          with
          [
              _Elem=wchar_t,
              _Iter=std::_String_iterator<std::_String_val<std::_Simple_types<wchar_t>>>,
              _Alloc=std::allocator<char>
          ]
              D:\Downloads\code\menu\UE4-Cheat-Source-Code\Source\ImGui DirectX 11 Kiero Hook\cheat\UnrealEngine\UnrealClasses.h(64,11):
              请参阅 "FString::GetString" 中对 "std::basic_string<char,std::char_traits<char>,std::allocator<char>>::basic_string" 的第一个引用
          D:\VS\VC\Tools\MSVC\14.43.34808\include\xstring(788,17):
          查看对正在编译的函数 模板 实例化“void std::basic_string<char,std::char_traits<char>,std::allocator<char>>::_Construct_from_iter<wchar_t*,wchar_t*,_Size_type>(_Iter,const _Sent,_Size)”的引用
          with
          [
              _Size_type=unsigned __int64,
              _Iter=wchar_t *,
              _Sent=wchar_t *,
              _Size=unsigned __int64
          ]
          D:\VS\VC\Tools\MSVC\14.43.34808\include\xstring(944,18):
          查看对正在编译的函数 模板 实例化“_OutIt *std::_Copy_n_unchecked4<wchar_t*,_Size,char*>(_InIt,_SizeTy,_OutIt)”的引用
          with
          [
              _OutIt=char *,
              _Size=unsigned __int64,
              _InIt=wchar_t *,
              _SizeTy=unsigned __int64
          ]
  
  imgui.cpp
  imgui_demo.cpp
  imgui_draw.cpp
  imgui_impl_dx11.cpp
  imgui_impl_win32.cpp
  imgui_widgets.cpp
  kiero.cpp
  main.cpp
D:\Downloads\code\menu\UE4-Cheat-Source-Code\Source\ImGui DirectX 11 Kiero Hook\cheat\UnrealEngine\Classes.hpp(231,18): warning C4244: “初始化”: 从“double”转换到“float”，可能丢失数据
  (编译源文件“main.cpp”)
  
D:\Downloads\code\menu\UE4-Cheat-Source-Code\Source\ImGui DirectX 11 Kiero Hook\cheat\UnrealEngine\Classes.hpp(232,16): warning C4244: “初始化”: 从“double”转换到“float”，可能丢失数据
  (编译源文件“main.cpp”)
  
D:\Downloads\code\menu\UE4-Cheat-Source-Code\Source\ImGui DirectX 11 Kiero Hook\cheat\UnrealEngine\Classes.hpp(233,17): warning C4244: “初始化”: 从“double”转换到“float”，可能丢失数据
  (编译源文件“main.cpp”)
  
D:\Downloads\code\menu\UE4-Cheat-Source-Code\Source\ImGui DirectX 11 Kiero Hook\cheat\UnrealEngine\UnrealClasses.h(394,85): warning C4244: “参数”: 从“double”转换到“float”，可能丢失数据
  (编译源文件“main.cpp”)
  
D:\Downloads\code\menu\UE4-Cheat-Source-Code\Source\ImGui DirectX 11 Kiero Hook\cheat\UnrealEngine\UnrealClasses.h(395,85): warning C4244: “参数”: 从“double”转换到“float”，可能丢失数据
  (编译源文件“main.cpp”)
  
D:\VS\VC\Tools\MSVC\14.43.34808\include\xutility(4829,18): warning C4244: “=”: 从“wchar_t”转换到“char”，可能丢失数据
  (编译源文件“main.cpp”)
      D:\VS\VC\Tools\MSVC\14.43.34808\include\xutility(4829,18):
      模板实例化上下文(最早的实例化上下文)为
          D:\Downloads\code\menu\UE4-Cheat-Source-Code\Source\ImGui DirectX 11 Kiero Hook\cheat\UnrealEngine\UnrealClasses.h(64,28):
          查看对正在编译的函数 模板 实例化“std::basic_string<char,std::char_traits<char>,std::allocator<char>>::basic_string<std::_String_iterator<std::_String_val<std::_Simple_types<_Elem>>>,0>(_Iter,_Iter,const _Alloc &)”的引用
          with
          [
              _Elem=wchar_t,
              _Iter=std::_String_iterator<std::_String_val<std::_Simple_types<wchar_t>>>,
              _Alloc=std::allocator<char>
          ]
              D:\Downloads\code\menu\UE4-Cheat-Source-Code\Source\ImGui DirectX 11 Kiero Hook\cheat\UnrealEngine\UnrealClasses.h(64,11):
              请参阅 "FString::GetString" 中对 "std::basic_string<char,std::char_traits<char>,std::allocator<char>>::basic_string" 的第一个引用
          D:\VS\VC\Tools\MSVC\14.43.34808\include\xstring(788,17):
          查看对正在编译的函数 模板 实例化“void std::basic_string<char,std::char_traits<char>,std::allocator<char>>::_Construct_from_iter<wchar_t*,wchar_t*,_Size_type>(_Iter,const _Sent,_Size)”的引用
          with
          [
              _Size_type=unsigned __int64,
              _Iter=wchar_t *,
              _Sent=wchar_t *,
              _Size=unsigned __int64
          ]
          D:\VS\VC\Tools\MSVC\14.43.34808\include\xstring(944,18):
          查看对正在编译的函数 模板 实例化“_OutIt *std::_Copy_n_unchecked4<wchar_t*,_Size,char*>(_InIt,_SizeTy,_OutIt)”的引用
          with
          [
              _OutIt=char *,
              _Size=unsigned __int64,
              _InIt=wchar_t *,
              _SizeTy=unsigned __int64
          ]
  
  menu.cpp
D:\Downloads\code\menu\UE4-Cheat-Source-Code\Source\ImGui DirectX 11 Kiero Hook\cheat\UnrealEngine\Classes.hpp(231,18): warning C4244: “初始化”: 从“double”转换到“float”，可能丢失数据
  (编译源文件“menu/menu.cpp”)
  
D:\Downloads\code\menu\UE4-Cheat-Source-Code\Source\ImGui DirectX 11 Kiero Hook\cheat\UnrealEngine\Classes.hpp(232,16): warning C4244: “初始化”: 从“double”转换到“float”，可能丢失数据
  (编译源文件“menu/menu.cpp”)
  
D:\Downloads\code\menu\UE4-Cheat-Source-Code\Source\ImGui DirectX 11 Kiero Hook\cheat\UnrealEngine\Classes.hpp(233,17): warning C4244: “初始化”: 从“double”转换到“float”，可能丢失数据
  (编译源文件“menu/menu.cpp”)
  
D:\Downloads\code\menu\UE4-Cheat-Source-Code\Source\ImGui DirectX 11 Kiero Hook\cheat\UnrealEngine\UnrealClasses.h(394,85): warning C4244: “参数”: 从“double”转换到“float”，可能丢失数据
  (编译源文件“menu/menu.cpp”)
  
D:\Downloads\code\menu\UE4-Cheat-Source-Code\Source\ImGui DirectX 11 Kiero Hook\cheat\UnrealEngine\UnrealClasses.h(395,85): warning C4244: “参数”: 从“double”转换到“float”，可能丢失数据
  (编译源文件“menu/menu.cpp”)
  
D:\Downloads\code\menu\UE4-Cheat-Source-Code\Source\ImGui DirectX 11 Kiero Hook\menu\menu.cpp(54,36): warning C4244: “参数”: 从“float”转换到“const USHORT”，可能丢失数据
D:\Downloads\code\menu\UE4-Cheat-Source-Code\Source\ImGui DirectX 11 Kiero Hook\menu\menu.cpp(71,36): warning C4244: “参数”: 从“float”转换到“const USHORT”，可能丢失数据
D:\Downloads\code\menu\UE4-Cheat-Source-Code\Source\ImGui DirectX 11 Kiero Hook\menu\menu.cpp(122,67): warning C4244: “参数”: 从“float”转换到“int”，可能丢失数据
D:\Downloads\code\menu\UE4-Cheat-Source-Code\Source\ImGui DirectX 11 Kiero Hook\menu\menu.cpp(325,15): warning C4244: “参数”: 从“USHORT”转换到“_Elem”，可能丢失数据
D:\Downloads\code\menu\UE4-Cheat-Source-Code\Source\ImGui DirectX 11 Kiero Hook\menu\menu.cpp(325,15): warning C4244:         with
D:\Downloads\code\menu\UE4-Cheat-Source-Code\Source\ImGui DirectX 11 Kiero Hook\menu\menu.cpp(325,15): warning C4244:         [
D:\Downloads\code\menu\UE4-Cheat-Source-Code\Source\ImGui DirectX 11 Kiero Hook\menu\menu.cpp(325,15): warning C4244:             _Elem=char
D:\Downloads\code\menu\UE4-Cheat-Source-Code\Source\ImGui DirectX 11 Kiero Hook\menu\menu.cpp(325,15): warning C4244:         ]
D:\VS\VC\Tools\MSVC\14.43.34808\include\xutility(4829,18): warning C4244: “=”: 从“wchar_t”转换到“char”，可能丢失数据
  (编译源文件“menu/menu.cpp”)
      D:\VS\VC\Tools\MSVC\14.43.34808\include\xutility(4829,18):
      模板实例化上下文(最早的实例化上下文)为
          D:\Downloads\code\menu\UE4-Cheat-Source-Code\Source\ImGui DirectX 11 Kiero Hook\cheat\UnrealEngine\UnrealClasses.h(64,28):
          查看对正在编译的函数 模板 实例化“std::basic_string<char,std::char_traits<char>,std::allocator<char>>::basic_string<std::_String_iterator<std::_String_val<std::_Simple_types<_Elem>>>,0>(_Iter,_Iter,const _Alloc &)”的引用
          with
          [
              _Elem=wchar_t,
              _Iter=std::_String_iterator<std::_String_val<std::_Simple_types<wchar_t>>>,
              _Alloc=std::allocator<char>
          ]
              D:\Downloads\code\menu\UE4-Cheat-Source-Code\Source\ImGui DirectX 11 Kiero Hook\cheat\UnrealEngine\UnrealClasses.h(64,11):
              请参阅 "FString::GetString" 中对 "std::basic_string<char,std::char_traits<char>,std::allocator<char>>::basic_string" 的第一个引用
          D:\VS\VC\Tools\MSVC\14.43.34808\include\xstring(788,17):
          查看对正在编译的函数 模板 实例化“void std::basic_string<char,std::char_traits<char>,std::allocator<char>>::_Construct_from_iter<wchar_t*,wchar_t*,_Size_type>(_Iter,const _Sent,_Size)”的引用
          with
          [
              _Size_type=unsigned __int64,
              _Iter=wchar_t *,
              _Sent=wchar_t *,
              _Size=unsigned __int64
          ]
          D:\VS\VC\Tools\MSVC\14.43.34808\include\xstring(944,18):
          查看对正在编译的函数 模板 实例化“_OutIt *std::_Copy_n_unchecked4<wchar_t*,_Size,char*>(_InIt,_SizeTy,_OutIt)”的引用
          with
          [
              _OutIt=char *,
              _Size=unsigned __int64,
              _InIt=wchar_t *,
              _SizeTy=unsigned __int64
          ]
  
  正在生成代码...
  buffer.c
  hde32.c
  hde64.c
  hook.c
  trampoline.c
  正在生成代码...
  ImGui DirectX 11 Kiero Hook.vcxproj -> D:\Downloads\code\menu\UE4-Cheat-Source-Code\Source\x64\Debug\SWS 1hAck Trainer.dll
